2019-09-09 11:01:46,074 - unity-com - INFO : executing unity response server...
2019-09-09 11:01:46,074 - unity-com - INFO : CONFIG : 50090 at localhost
2019-09-09 13:46:02,475 - unity-com - INFO : executing unity response server...
2019-09-09 13:46:02,476 - unity-com - INFO : CONFIG : 50090 at localhost
2019-09-09 13:46:06,499 - unity-com - DEBUG : _sendData(): entered
2019-09-09 13:46:06,499 - unity-com - DEBUG : _sendData(): sendall succeeded
2019-09-09 13:46:06,499 - unity-com - DEBUG : end command sent
2019-09-09 13:48:00,140 - unity-com - INFO : executing unity response server...
2019-09-09 13:48:00,140 - unity-com - INFO : CONFIG : 50090 at localhost
2019-09-09 13:48:04,530 - unity-com - DEBUG : entered renderParameterDict()
2019-09-09 13:48:04,530 - unity-com - INFO : start sending data...
2019-09-09 13:48:04,530 - unity-com - DEBUG : _sendData(): entered
2019-09-09 13:48:04,530 - unity-com - DEBUG : _sendData(): sendall succeeded
2019-09-09 13:48:04,530 - unity-com - INFO : success: data sent.
2019-09-09 13:48:04,530 - unity-com - DEBUG : _receiveDataAsBytes(): entered
2019-09-09 13:48:04,635 - unity-com - ERROR : _receiveDataAsBytes(): timeout -> exit _receiveData()
2019-09-09 13:48:04,674 - unity-com - DEBUG : run again _receiveData(): data so far bytearray(b'\x00')
2019-09-09 13:48:04,675 - unity-com - DEBUG : _receiveDataAsBytes(): entered
2019-09-09 13:48:04,806 - unity-com - ERROR : _receiveDataAsBytes(): timeout -> exit _receiveData()
2019-09-09 13:48:04,819 - unity-com - DEBUG : _renderParameters(): end tag from Unity detected, end receive
2019-09-09 13:48:04,819 - unity-com - DEBUG : received scene of 94270 bytes
2019-09-09 13:48:04,819 - unity-com - INFO : unpacked scene with ID 0
2019-09-09 13:48:04,879 - unity-com - DEBUG : entered renderParameterDict()
2019-09-09 13:48:04,879 - unity-com - INFO : start sending data...
2019-09-09 13:48:04,879 - unity-com - DEBUG : _sendData(): entered
2019-09-09 13:48:04,879 - unity-com - DEBUG : _sendData(): sendall succeeded
2019-09-09 13:48:04,879 - unity-com - INFO : success: data sent.
2019-09-09 13:48:04,879 - unity-com - DEBUG : _receiveDataAsBytes(): entered
2019-09-09 13:48:04,984 - unity-com - ERROR : _receiveDataAsBytes(): timeout -> exit _receiveData()
2019-09-09 13:48:04,984 - unity-com - DEBUG : run again _receiveData(): data so far bytearray(b'\x00')
2019-09-09 13:48:04,984 - unity-com - DEBUG : _receiveDataAsBytes(): entered
2019-09-09 13:48:05,087 - unity-com - ERROR : _receiveDataAsBytes(): timeout -> exit _receiveData()
2019-09-09 13:48:05,087 - unity-com - DEBUG : run again _receiveData(): data so far bytearray(b'\x00')
2019-09-09 13:48:05,087 - unity-com - DEBUG : _receiveDataAsBytes(): entered
2019-09-09 13:48:05,192 - unity-com - ERROR : _receiveDataAsBytes(): timeout -> exit _receiveData()
2019-09-09 13:48:05,192 - unity-com - DEBUG : run again _receiveData(): data so far bytearray(b'\x00')
2019-09-09 13:48:05,192 - unity-com - DEBUG : _receiveDataAsBytes(): entered
2019-09-09 13:48:05,296 - unity-com - ERROR : _receiveDataAsBytes(): timeout -> exit _receiveData()
2019-09-09 13:48:05,296 - unity-com - DEBUG : run again _receiveData(): data so far bytearray(b'\x00')
2019-09-09 13:48:05,297 - unity-com - DEBUG : _receiveDataAsBytes(): entered
2019-09-09 13:48:05,398 - unity-com - ERROR : _receiveDataAsBytes(): timeout -> exit _receiveData()
2019-09-09 13:48:05,399 - unity-com - DEBUG : run again _receiveData(): data so far bytearray(b'\x00')
2019-09-09 13:48:05,399 - unity-com - DEBUG : _receiveDataAsBytes(): entered
2019-09-09 13:48:05,502 - unity-com - ERROR : _receiveDataAsBytes(): timeout -> exit _receiveData()
2019-09-09 13:48:05,502 - unity-com - DEBUG : run again _receiveData(): data so far bytearray(b'\x00')
2019-09-09 13:48:05,502 - unity-com - DEBUG : _receiveDataAsBytes(): entered
2019-09-09 13:48:05,604 - unity-com - ERROR : _receiveDataAsBytes(): timeout -> exit _receiveData()
2019-09-09 13:48:05,604 - unity-com - DEBUG : run again _receiveData(): data so far bytearray(b'\x00')
2019-09-09 13:48:05,604 - unity-com - DEBUG : _receiveDataAsBytes(): entered
2019-09-09 13:48:05,787 - unity-com - ERROR : _receiveDataAsBytes(): timeout -> exit _receiveData()
2019-09-09 13:48:05,787 - unity-com - DEBUG : _renderParameters(): end tag from Unity detected, end receive
2019-09-09 13:48:05,787 - unity-com - DEBUG : received scene of 88267 bytes
2019-09-09 13:48:05,787 - unity-com - INFO : unpacked scene with ID 1
2019-09-09 13:48:05,826 - unity-com - DEBUG : entered renderParameterDict()
2019-09-09 13:48:05,826 - unity-com - INFO : start sending data...
2019-09-09 13:48:05,826 - unity-com - DEBUG : _sendData(): entered
2019-09-09 13:48:05,826 - unity-com - DEBUG : _sendData(): sendall succeeded
2019-09-09 13:48:05,826 - unity-com - INFO : success: data sent.
2019-09-09 13:48:05,826 - unity-com - DEBUG : _receiveDataAsBytes(): entered
2019-09-09 13:48:06,003 - unity-com - ERROR : _receiveDataAsBytes(): timeout -> exit _receiveData()
2019-09-09 13:48:06,004 - unity-com - DEBUG : _renderParameters(): end tag from Unity detected, end receive
2019-09-09 13:48:06,004 - unity-com - DEBUG : received scene of 89253 bytes
2019-09-09 13:48:06,004 - unity-com - INFO : unpacked scene with ID 2
2019-09-09 13:48:06,041 - unity-com - DEBUG : _sendData(): entered
2019-09-09 13:48:06,041 - unity-com - DEBUG : _sendData(): sendall succeeded
2019-09-09 13:48:06,041 - unity-com - DEBUG : end command sent
2019-09-09 13:48:58,151 - unity-com - INFO : executing unity response server...
2019-09-09 13:48:58,151 - unity-com - INFO : CONFIG : 50090 at localhost
2019-09-09 13:49:02,449 - unity-com - DEBUG : entered renderParameterDict()
2019-09-09 13:49:02,449 - unity-com - INFO : start sending data...
2019-09-09 13:49:02,449 - unity-com - DEBUG : _sendData(): entered
2019-09-09 13:49:02,449 - unity-com - DEBUG : _sendData(): sendall succeeded
2019-09-09 13:49:02,449 - unity-com - INFO : success: data sent.
2019-09-09 13:49:02,449 - unity-com - DEBUG : _receiveDataAsBytes(): entered
2019-09-09 13:49:02,554 - unity-com - ERROR : _receiveDataAsBytes(): timeout -> exit _receiveData()
2019-09-09 13:49:02,554 - unity-com - DEBUG : run again _receiveData(): data so far bytearray(b'\x00')
2019-09-09 13:49:02,554 - unity-com - DEBUG : _receiveDataAsBytes(): entered
2019-09-09 13:49:02,694 - unity-com - ERROR : _receiveDataAsBytes(): timeout -> exit _receiveData()
2019-09-09 13:49:02,695 - unity-com - DEBUG : _renderParameters(): end tag from Unity detected, end receive
2019-09-09 13:49:02,695 - unity-com - DEBUG : received scene of 94270 bytes
2019-09-09 13:49:02,695 - unity-com - INFO : unpacked scene with ID 0
2019-09-09 13:49:02,747 - unity-com - DEBUG : entered renderParameterDict()
2019-09-09 13:49:02,747 - unity-com - INFO : start sending data...
2019-09-09 13:49:02,747 - unity-com - DEBUG : _sendData(): entered
2019-09-09 13:49:02,747 - unity-com - DEBUG : _sendData(): sendall succeeded
2019-09-09 13:49:02,747 - unity-com - INFO : success: data sent.
2019-09-09 13:49:02,748 - unity-com - DEBUG : _receiveDataAsBytes(): entered
2019-09-09 13:49:02,848 - unity-com - ERROR : _receiveDataAsBytes(): timeout -> exit _receiveData()
2019-09-09 13:49:02,848 - unity-com - DEBUG : run again _receiveData(): data so far bytearray(b'\x00')
2019-09-09 13:49:02,848 - unity-com - DEBUG : _receiveDataAsBytes(): entered
2019-09-09 13:49:02,949 - unity-com - ERROR : _receiveDataAsBytes(): timeout -> exit _receiveData()
2019-09-09 13:49:02,950 - unity-com - DEBUG : run again _receiveData(): data so far bytearray(b'\x00')
2019-09-09 13:49:02,950 - unity-com - DEBUG : _receiveDataAsBytes(): entered
2019-09-09 13:49:03,054 - unity-com - ERROR : _receiveDataAsBytes(): timeout -> exit _receiveData()
2019-09-09 13:49:03,054 - unity-com - DEBUG : run again _receiveData(): data so far bytearray(b'\x00')
2019-09-09 13:49:03,054 - unity-com - DEBUG : _receiveDataAsBytes(): entered
2019-09-09 13:49:03,159 - unity-com - ERROR : _receiveDataAsBytes(): timeout -> exit _receiveData()
2019-09-09 13:49:03,159 - unity-com - DEBUG : run again _receiveData(): data so far bytearray(b'\x00')
2019-09-09 13:49:03,159 - unity-com - DEBUG : _receiveDataAsBytes(): entered
2019-09-09 13:49:03,264 - unity-com - ERROR : _receiveDataAsBytes(): timeout -> exit _receiveData()
2019-09-09 13:49:03,264 - unity-com - DEBUG : run again _receiveData(): data so far bytearray(b'\x00')
2019-09-09 13:49:03,264 - unity-com - DEBUG : _receiveDataAsBytes(): entered
2019-09-09 13:49:03,364 - unity-com - ERROR : _receiveDataAsBytes(): timeout -> exit _receiveData()
2019-09-09 13:49:03,364 - unity-com - DEBUG : run again _receiveData(): data so far bytearray(b'\x00')
2019-09-09 13:49:03,364 - unity-com - DEBUG : _receiveDataAsBytes(): entered
2019-09-09 13:49:03,467 - unity-com - ERROR : _receiveDataAsBytes(): timeout -> exit _receiveData()
2019-09-09 13:49:03,467 - unity-com - DEBUG : run again _receiveData(): data so far bytearray(b'\x00')
2019-09-09 13:49:03,467 - unity-com - DEBUG : _receiveDataAsBytes(): entered
2019-09-09 13:49:03,570 - unity-com - ERROR : _receiveDataAsBytes(): timeout -> exit _receiveData()
2019-09-09 13:49:03,570 - unity-com - DEBUG : run again _receiveData(): data so far bytearray(b'\x00')
2019-09-09 13:49:03,570 - unity-com - DEBUG : _receiveDataAsBytes(): entered
2019-09-09 13:49:03,679 - unity-com - ERROR : _receiveDataAsBytes(): timeout -> exit _receiveData()
2019-09-09 13:49:03,679 - unity-com - DEBUG : _renderParameters(): end tag from Unity detected, end receive
2019-09-09 13:49:03,679 - unity-com - DEBUG : received scene of 88267 bytes
2019-09-09 13:49:03,679 - unity-com - INFO : unpacked scene with ID 1
2019-09-09 13:49:03,718 - unity-com - DEBUG : entered renderParameterDict()
2019-09-09 13:49:03,718 - unity-com - INFO : start sending data...
2019-09-09 13:49:03,718 - unity-com - DEBUG : _sendData(): entered
2019-09-09 13:49:03,718 - unity-com - DEBUG : _sendData(): sendall succeeded
2019-09-09 13:49:03,718 - unity-com - INFO : success: data sent.
2019-09-09 13:49:03,718 - unity-com - DEBUG : _receiveDataAsBytes(): entered
2019-09-09 13:49:03,892 - unity-com - ERROR : _receiveDataAsBytes(): timeout -> exit _receiveData()
2019-09-09 13:49:03,892 - unity-com - DEBUG : _renderParameters(): end tag from Unity detected, end receive
2019-09-09 13:49:03,892 - unity-com - DEBUG : received scene of 89253 bytes
2019-09-09 13:49:03,893 - unity-com - INFO : unpacked scene with ID 2
2019-09-09 13:49:03,930 - unity-com - DEBUG : _sendData(): entered
2019-09-09 13:49:03,930 - unity-com - DEBUG : _sendData(): sendall succeeded
2019-09-09 13:49:03,930 - unity-com - DEBUG : end command sent
